<?xml version="1.0" encoding="UTF-8"?>
<!-- Generated by org.testng.reporters.JUnitReportReporter -->
<testsuite name="com.hrm.scripts.VerifyAutoLoginLogout" tests="1" time="6.092" ignored="0" failures="0" timestamp="08 Feb 2017 13:07:08 GMT" skipped="0" hostname="QSP-TITANFAC-PC" errors="0">
  <testcase name="testAutoLoginLogout" time="6.092" classname="com.hrm.scripts.VerifyAutoLoginLogout"/>
</testsuite> <!-- com.hrm.scripts.VerifyAutoLoginLogout -->
