<?xml version="1.0" encoding="UTF-8"?>
<!-- Generated by org.testng.reporters.JUnitReportReporter -->
<testsuite name="com.hrm.scripts.CreateEmployee" tests="1" time="20.864" ignored="0" failures="0" timestamp="16 Feb 2017 18:52:46 GMT" skipped="0" hostname="DESKTOP-N2O2IDH" errors="0">
  <testcase name="testCreateEmployee" time="20.864" classname="com.hrm.scripts.CreateEmployee"/>
</testsuite> <!-- com.hrm.scripts.CreateEmployee -->
